2020-12-09 15:56:33,920 - Log4JLogChute initialized using file 'velocity.log'
2020-12-09 15:56:33,921 - Initializing Velocity, Calling init()...
2020-12-09 15:56:33,921 - Starting Apache Velocity v1.7 (compiled: 2010-11-19 12:14:37)
2020-12-09 15:56:33,921 - Default Properties File: org\apache\velocity\runtime\defaults\velocity.properties
2020-12-09 15:56:33,921 - Trying to use logger class org.apache.velocity.runtime.log.AvalonLogChute
2020-12-09 15:56:33,921 - Target log system for org.apache.velocity.runtime.log.AvalonLogChute is not available (java.lang.NoClassDefFoundError: org/apache/log/Priority).  Falling back to next log system...
2020-12-09 15:56:33,921 - Trying to use logger class org.apache.velocity.runtime.log.Log4JLogChute
2020-12-09 15:56:33,921 - Using logger class org.apache.velocity.runtime.log.Log4JLogChute
2020-12-09 15:56:33,925 - ResourceLoader instantiated: org.apache.velocity.runtime.resource.loader.ClasspathResourceLoader
2020-12-09 15:56:33,936 - ResourceCache: initialized (class org.apache.velocity.runtime.resource.ResourceCacheImpl) with class java.util.Collections$SynchronizedMap cache map.
2020-12-09 15:56:33,938 - Loaded System Directive: org.apache.velocity.runtime.directive.Stop
2020-12-09 15:56:33,940 - Loaded System Directive: org.apache.velocity.runtime.directive.Define
2020-12-09 15:56:33,940 - Loaded System Directive: org.apache.velocity.runtime.directive.Break
2020-12-09 15:56:33,941 - Loaded System Directive: org.apache.velocity.runtime.directive.Evaluate
2020-12-09 15:56:33,942 - Loaded System Directive: org.apache.velocity.runtime.directive.Literal
2020-12-09 15:56:33,942 - Loaded System Directive: org.apache.velocity.runtime.directive.Macro
2020-12-09 15:56:33,944 - Loaded System Directive: org.apache.velocity.runtime.directive.Parse
2020-12-09 15:56:33,944 - Loaded System Directive: org.apache.velocity.runtime.directive.Include
2020-12-09 15:56:33,945 - Loaded System Directive: org.apache.velocity.runtime.directive.Foreach
2020-12-09 15:56:33,958 - Created '20' parsers.
2020-12-09 15:56:33,960 - Velocimacro : "velocimacro.library" is not set.  Trying default library: VM_global_library.vm
2020-12-09 15:56:33,963 - Could not load resource 'VM_global_library.vm' from ResourceLoader org.apache.velocity.runtime.resource.loader.ClasspathResourceLoader: ClasspathResourceLoader Error: cannot find resource VM_global_library.vm
2020-12-09 15:56:33,963 - Velocimacro : Default library not found.
2020-12-09 15:56:33,963 - Velocimacro : allowInline = true : VMs can be defined inline in templates
2020-12-09 15:56:33,963 - Velocimacro : allowInlineToOverride = false : VMs defined inline may NOT replace previous VM definitions
2020-12-09 15:56:33,963 - Velocimacro : allowInlineLocal = false : VMs defined inline will be global in scope if allowed.
2020-12-09 15:56:33,963 - Velocimacro : autoload off : VM system will not automatically reload global library macros
2020-12-09 15:56:33,980 - ResourceManager : found vm/Entity.java.vm with loader org.apache.velocity.runtime.resource.loader.ClasspathResourceLoader
2020-12-09 15:56:33,997 - ResourceManager : found vm/Mapper.java.vm with loader org.apache.velocity.runtime.resource.loader.ClasspathResourceLoader
2020-12-09 15:56:34,008 - ResourceManager : found vm/Mapper.xml.vm with loader org.apache.velocity.runtime.resource.loader.ClasspathResourceLoader
2020-12-09 15:56:34,010 - Left side ($column.isQuery) of '==' operation has null value. If it is a reference, it may not be in the context or its toString() returned null. vm/Mapper.xml.vm[line 17, column 53]
2020-12-09 15:56:34,010 - Left side ($column.isQuery) of '==' operation has null value. If it is a reference, it may not be in the context or its toString() returned null. vm/Mapper.xml.vm[line 17, column 53]
2020-12-09 15:56:34,010 - Left side ($column.isQuery) of '==' operation has null value. If it is a reference, it may not be in the context or its toString() returned null. vm/Mapper.xml.vm[line 17, column 53]
2020-12-09 15:56:34,010 - Left side ($column.isQuery) of '==' operation has null value. If it is a reference, it may not be in the context or its toString() returned null. vm/Mapper.xml.vm[line 17, column 53]
2020-12-09 15:56:34,010 - Left side ($column.isQuery) of '==' operation has null value. If it is a reference, it may not be in the context or its toString() returned null. vm/Mapper.xml.vm[line 17, column 53]
2020-12-09 15:56:34,010 - Left side ($column.isQuery) of '==' operation has null value. If it is a reference, it may not be in the context or its toString() returned null. vm/Mapper.xml.vm[line 17, column 53]
2020-12-09 15:56:34,014 - ResourceManager : found vm/Service.java.vm with loader org.apache.velocity.runtime.resource.loader.ClasspathResourceLoader
2020-12-09 15:56:34,017 - ResourceManager : found vm/ServiceImpl.java.vm with loader org.apache.velocity.runtime.resource.loader.ClasspathResourceLoader
2020-12-09 15:56:34,025 - ResourceManager : found vm/Controller.java.vm with loader org.apache.velocity.runtime.resource.loader.ClasspathResourceLoader
2020-12-09 15:56:34,028 - ResourceManager : found vm/main.html.vm with loader org.apache.velocity.runtime.resource.loader.ClasspathResourceLoader
2020-12-09 15:56:34,029 - Left side ($column.isQuery) of '==' operation has null value. If it is a reference, it may not be in the context or its toString() returned null. vm/main.html.vm[line 12, column 23]
2020-12-09 15:56:34,029 - Left side ($column.isQuery) of '==' operation has null value. If it is a reference, it may not be in the context or its toString() returned null. vm/main.html.vm[line 12, column 23]
2020-12-09 15:56:34,029 - Left side ($column.isQuery) of '==' operation has null value. If it is a reference, it may not be in the context or its toString() returned null. vm/main.html.vm[line 12, column 23]
2020-12-09 15:56:34,029 - Left side ($column.isQuery) of '==' operation has null value. If it is a reference, it may not be in the context or its toString() returned null. vm/main.html.vm[line 12, column 23]
2020-12-09 15:56:34,029 - Left side ($column.isQuery) of '==' operation has null value. If it is a reference, it may not be in the context or its toString() returned null. vm/main.html.vm[line 12, column 23]
2020-12-09 15:56:34,029 - Left side ($column.isQuery) of '==' operation has null value. If it is a reference, it may not be in the context or its toString() returned null. vm/main.html.vm[line 12, column 23]
2020-12-09 15:56:34,029 - Left side ($column.isMenuShow) of '==' operation has null value. If it is a reference, it may not be in the context or its toString() returned null. vm/main.html.vm[line 70, column 55]
2020-12-09 15:56:34,029 - Left side ($column.isMenuShow) of '==' operation has null value. If it is a reference, it may not be in the context or its toString() returned null. vm/main.html.vm[line 70, column 55]
2020-12-09 15:56:34,029 - Left side ($column.isMenuShow) of '==' operation has null value. If it is a reference, it may not be in the context or its toString() returned null. vm/main.html.vm[line 70, column 55]
2020-12-09 15:56:34,029 - Left side ($column.isMenuShow) of '==' operation has null value. If it is a reference, it may not be in the context or its toString() returned null. vm/main.html.vm[line 70, column 55]
2020-12-09 15:56:34,029 - Left side ($column.isMenuShow) of '==' operation has null value. If it is a reference, it may not be in the context or its toString() returned null. vm/main.html.vm[line 70, column 55]
2020-12-09 15:56:34,029 - Left side ($column.isMenuShow) of '==' operation has null value. If it is a reference, it may not be in the context or its toString() returned null. vm/main.html.vm[line 70, column 55]
2020-12-09 15:56:34,030 - Left side ($column.isMenuShow) of '==' operation has null value. If it is a reference, it may not be in the context or its toString() returned null. vm/main.html.vm[line 70, column 55]
2020-12-09 15:56:34,032 - ResourceManager : found vm/edit.html.vm with loader org.apache.velocity.runtime.resource.loader.ClasspathResourceLoader
2020-12-09 15:56:34,032 - Left side ($column.isFormShow) of '==' operation has null value. If it is a reference, it may not be in the context or its toString() returned null. vm/edit.html.vm[line 21, column 26]
2020-12-09 15:56:34,032 - Left side ($column.isFormShow) of '==' operation has null value. If it is a reference, it may not be in the context or its toString() returned null. vm/edit.html.vm[line 25, column 165]
2020-12-09 15:56:34,033 - Left side ($column.isFormShow) of '==' operation has null value. If it is a reference, it may not be in the context or its toString() returned null. vm/edit.html.vm[line 21, column 26]
2020-12-09 15:56:34,033 - Left side ($column.isFormShow) of '==' operation has null value. If it is a reference, it may not be in the context or its toString() returned null. vm/edit.html.vm[line 25, column 165]
2020-12-09 15:56:34,033 - Left side ($column.isFormShow) of '==' operation has null value. If it is a reference, it may not be in the context or its toString() returned null. vm/edit.html.vm[line 21, column 26]
2020-12-09 15:56:34,033 - Left side ($column.isFormShow) of '==' operation has null value. If it is a reference, it may not be in the context or its toString() returned null. vm/edit.html.vm[line 25, column 165]
2020-12-09 15:56:34,033 - Left side ($column.isFormShow) of '==' operation has null value. If it is a reference, it may not be in the context or its toString() returned null. vm/edit.html.vm[line 21, column 26]
2020-12-09 15:56:34,033 - Left side ($column.isFormShow) of '==' operation has null value. If it is a reference, it may not be in the context or its toString() returned null. vm/edit.html.vm[line 25, column 165]
2020-12-09 15:56:34,033 - Left side ($column.isFormShow) of '==' operation has null value. If it is a reference, it may not be in the context or its toString() returned null. vm/edit.html.vm[line 21, column 26]
2020-12-09 15:56:34,033 - Left side ($column.isFormShow) of '==' operation has null value. If it is a reference, it may not be in the context or its toString() returned null. vm/edit.html.vm[line 25, column 165]
2020-12-09 15:56:34,034 - Left side ($column.isFormShow) of '==' operation has null value. If it is a reference, it may not be in the context or its toString() returned null. vm/edit.html.vm[line 21, column 26]
2020-12-09 15:56:34,034 - Left side ($column.isFormShow) of '==' operation has null value. If it is a reference, it may not be in the context or its toString() returned null. vm/edit.html.vm[line 25, column 165]
2020-12-09 15:56:34,034 - Left side ($column.isFormShow) of '==' operation has null value. If it is a reference, it may not be in the context or its toString() returned null. vm/edit.html.vm[line 21, column 26]
2020-12-09 15:56:34,034 - Left side ($column.isFormShow) of '==' operation has null value. If it is a reference, it may not be in the context or its toString() returned null. vm/edit.html.vm[line 25, column 165]
2020-12-09 15:56:34,036 - ResourceManager : found vm/add.html.vm with loader org.apache.velocity.runtime.resource.loader.ClasspathResourceLoader
2020-12-09 15:56:34,036 - Left side ($column.isFormShow) of '==' operation has null value. If it is a reference, it may not be in the context or its toString() returned null. vm/add.html.vm[line 12, column 26]
2020-12-09 15:56:34,036 - Left side ($column.isFormShow) of '==' operation has null value. If it is a reference, it may not be in the context or its toString() returned null. vm/add.html.vm[line 16, column 119]
2020-12-09 15:56:34,036 - Left side ($column.isFormShow) of '==' operation has null value. If it is a reference, it may not be in the context or its toString() returned null. vm/add.html.vm[line 12, column 26]
2020-12-09 15:56:34,036 - Left side ($column.isFormShow) of '==' operation has null value. If it is a reference, it may not be in the context or its toString() returned null. vm/add.html.vm[line 16, column 119]
2020-12-09 15:56:34,036 - Left side ($column.isFormShow) of '==' operation has null value. If it is a reference, it may not be in the context or its toString() returned null. vm/add.html.vm[line 12, column 26]
2020-12-09 15:56:34,036 - Left side ($column.isFormShow) of '==' operation has null value. If it is a reference, it may not be in the context or its toString() returned null. vm/add.html.vm[line 16, column 119]
2020-12-09 15:56:34,036 - Left side ($column.isFormShow) of '==' operation has null value. If it is a reference, it may not be in the context or its toString() returned null. vm/add.html.vm[line 12, column 26]
2020-12-09 15:56:34,036 - Left side ($column.isFormShow) of '==' operation has null value. If it is a reference, it may not be in the context or its toString() returned null. vm/add.html.vm[line 16, column 119]
2020-12-09 15:56:34,036 - Left side ($column.isFormShow) of '==' operation has null value. If it is a reference, it may not be in the context or its toString() returned null. vm/add.html.vm[line 12, column 26]
2020-12-09 15:56:34,036 - Left side ($column.isFormShow) of '==' operation has null value. If it is a reference, it may not be in the context or its toString() returned null. vm/add.html.vm[line 16, column 119]
2020-12-09 15:56:34,037 - Left side ($column.isFormShow) of '==' operation has null value. If it is a reference, it may not be in the context or its toString() returned null. vm/add.html.vm[line 12, column 26]
2020-12-09 15:56:34,037 - Left side ($column.isFormShow) of '==' operation has null value. If it is a reference, it may not be in the context or its toString() returned null. vm/add.html.vm[line 16, column 119]
2020-12-09 15:56:34,037 - Left side ($column.isFormShow) of '==' operation has null value. If it is a reference, it may not be in the context or its toString() returned null. vm/add.html.vm[line 12, column 26]
2020-12-09 15:56:34,037 - Left side ($column.isFormShow) of '==' operation has null value. If it is a reference, it may not be in the context or its toString() returned null. vm/add.html.vm[line 16, column 119]
2020-12-09 15:56:34,038 - ResourceManager : found vm/menu.sql.vm with loader org.apache.velocity.runtime.resource.loader.ClasspathResourceLoader
2020-12-10 10:45:33,987 - Log4JLogChute initialized using file 'velocity.log'
2020-12-10 10:45:33,988 - Initializing Velocity, Calling init()...
2020-12-10 10:45:33,988 - Starting Apache Velocity v1.7 (compiled: 2010-11-19 12:14:37)
2020-12-10 10:45:33,988 - Default Properties File: org\apache\velocity\runtime\defaults\velocity.properties
2020-12-10 10:45:33,988 - Trying to use logger class org.apache.velocity.runtime.log.AvalonLogChute
2020-12-10 10:45:33,988 - Target log system for org.apache.velocity.runtime.log.AvalonLogChute is not available (java.lang.NoClassDefFoundError: org/apache/log/Priority).  Falling back to next log system...
2020-12-10 10:45:33,988 - Trying to use logger class org.apache.velocity.runtime.log.Log4JLogChute
2020-12-10 10:45:33,988 - Using logger class org.apache.velocity.runtime.log.Log4JLogChute
2020-12-10 10:45:33,994 - ResourceLoader instantiated: org.apache.velocity.runtime.resource.loader.ClasspathResourceLoader
2020-12-10 10:45:34,004 - ResourceCache: initialized (class org.apache.velocity.runtime.resource.ResourceCacheImpl) with class java.util.Collections$SynchronizedMap cache map.
2020-12-10 10:45:34,006 - Loaded System Directive: org.apache.velocity.runtime.directive.Stop
2020-12-10 10:45:34,008 - Loaded System Directive: org.apache.velocity.runtime.directive.Define
2020-12-10 10:45:34,008 - Loaded System Directive: org.apache.velocity.runtime.directive.Break
2020-12-10 10:45:34,010 - Loaded System Directive: org.apache.velocity.runtime.directive.Evaluate
2020-12-10 10:45:34,011 - Loaded System Directive: org.apache.velocity.runtime.directive.Literal
2020-12-10 10:45:34,012 - Loaded System Directive: org.apache.velocity.runtime.directive.Macro
2020-12-10 10:45:34,013 - Loaded System Directive: org.apache.velocity.runtime.directive.Parse
2020-12-10 10:45:34,014 - Loaded System Directive: org.apache.velocity.runtime.directive.Include
2020-12-10 10:45:34,014 - Loaded System Directive: org.apache.velocity.runtime.directive.Foreach
2020-12-10 10:45:34,026 - Created '20' parsers.
2020-12-10 10:45:34,029 - Velocimacro : "velocimacro.library" is not set.  Trying default library: VM_global_library.vm
2020-12-10 10:45:34,032 - Could not load resource 'VM_global_library.vm' from ResourceLoader org.apache.velocity.runtime.resource.loader.ClasspathResourceLoader: ClasspathResourceLoader Error: cannot find resource VM_global_library.vm
2020-12-10 10:45:34,032 - Velocimacro : Default library not found.
2020-12-10 10:45:34,032 - Velocimacro : allowInline = true : VMs can be defined inline in templates
2020-12-10 10:45:34,032 - Velocimacro : allowInlineToOverride = false : VMs defined inline may NOT replace previous VM definitions
2020-12-10 10:45:34,032 - Velocimacro : allowInlineLocal = false : VMs defined inline will be global in scope if allowed.
2020-12-10 10:45:34,032 - Velocimacro : autoload off : VM system will not automatically reload global library macros
2020-12-10 10:45:34,048 - ResourceManager : found vm/Entity.java.vm with loader org.apache.velocity.runtime.resource.loader.ClasspathResourceLoader
2020-12-10 10:45:34,064 - ResourceManager : found vm/Mapper.java.vm with loader org.apache.velocity.runtime.resource.loader.ClasspathResourceLoader
2020-12-10 10:45:34,074 - ResourceManager : found vm/Mapper.xml.vm with loader org.apache.velocity.runtime.resource.loader.ClasspathResourceLoader
2020-12-10 10:45:34,078 - Left side ($column.isQuery) of '==' operation has null value. If it is a reference, it may not be in the context or its toString() returned null. vm/Mapper.xml.vm[line 17, column 53]
2020-12-10 10:45:34,078 - Left side ($column.isQuery) of '==' operation has null value. If it is a reference, it may not be in the context or its toString() returned null. vm/Mapper.xml.vm[line 17, column 53]
2020-12-10 10:45:34,078 - Left side ($column.isQuery) of '==' operation has null value. If it is a reference, it may not be in the context or its toString() returned null. vm/Mapper.xml.vm[line 17, column 53]
2020-12-10 10:45:34,078 - Left side ($column.isQuery) of '==' operation has null value. If it is a reference, it may not be in the context or its toString() returned null. vm/Mapper.xml.vm[line 17, column 53]
2020-12-10 10:45:34,078 - Left side ($column.isQuery) of '==' operation has null value. If it is a reference, it may not be in the context or its toString() returned null. vm/Mapper.xml.vm[line 17, column 53]
2020-12-10 10:45:34,078 - Left side ($column.isQuery) of '==' operation has null value. If it is a reference, it may not be in the context or its toString() returned null. vm/Mapper.xml.vm[line 17, column 53]
2020-12-10 10:45:34,078 - Left side ($column.isQuery) of '==' operation has null value. If it is a reference, it may not be in the context or its toString() returned null. vm/Mapper.xml.vm[line 17, column 53]
2020-12-10 10:45:34,078 - Left side ($column.isQuery) of '==' operation has null value. If it is a reference, it may not be in the context or its toString() returned null. vm/Mapper.xml.vm[line 17, column 53]
2020-12-10 10:45:34,081 - ResourceManager : found vm/Service.java.vm with loader org.apache.velocity.runtime.resource.loader.ClasspathResourceLoader
2020-12-10 10:45:34,084 - ResourceManager : found vm/ServiceImpl.java.vm with loader org.apache.velocity.runtime.resource.loader.ClasspathResourceLoader
2020-12-10 10:45:34,086 - ResourceManager : found vm/Controller.java.vm with loader org.apache.velocity.runtime.resource.loader.ClasspathResourceLoader
2020-12-10 10:45:34,090 - ResourceManager : found vm/main.html.vm with loader org.apache.velocity.runtime.resource.loader.ClasspathResourceLoader
2020-12-10 10:45:34,090 - Left side ($column.isQuery) of '==' operation has null value. If it is a reference, it may not be in the context or its toString() returned null. vm/main.html.vm[line 12, column 23]
2020-12-10 10:45:34,090 - Left side ($column.isQuery) of '==' operation has null value. If it is a reference, it may not be in the context or its toString() returned null. vm/main.html.vm[line 12, column 23]
2020-12-10 10:45:34,090 - Left side ($column.isQuery) of '==' operation has null value. If it is a reference, it may not be in the context or its toString() returned null. vm/main.html.vm[line 12, column 23]
2020-12-10 10:45:34,090 - Left side ($column.isQuery) of '==' operation has null value. If it is a reference, it may not be in the context or its toString() returned null. vm/main.html.vm[line 12, column 23]
2020-12-10 10:45:34,090 - Left side ($column.isQuery) of '==' operation has null value. If it is a reference, it may not be in the context or its toString() returned null. vm/main.html.vm[line 12, column 23]
2020-12-10 10:45:34,090 - Left side ($column.isQuery) of '==' operation has null value. If it is a reference, it may not be in the context or its toString() returned null. vm/main.html.vm[line 12, column 23]
2020-12-10 10:45:34,090 - Left side ($column.isQuery) of '==' operation has null value. If it is a reference, it may not be in the context or its toString() returned null. vm/main.html.vm[line 12, column 23]
2020-12-10 10:45:34,090 - Left side ($column.isQuery) of '==' operation has null value. If it is a reference, it may not be in the context or its toString() returned null. vm/main.html.vm[line 12, column 23]
2020-12-10 10:45:34,091 - Left side ($column.isMenuShow) of '==' operation has null value. If it is a reference, it may not be in the context or its toString() returned null. vm/main.html.vm[line 70, column 55]
2020-12-10 10:45:34,091 - Left side ($column.isMenuShow) of '==' operation has null value. If it is a reference, it may not be in the context or its toString() returned null. vm/main.html.vm[line 70, column 55]
2020-12-10 10:45:34,091 - Left side ($column.isMenuShow) of '==' operation has null value. If it is a reference, it may not be in the context or its toString() returned null. vm/main.html.vm[line 70, column 55]
2020-12-10 10:45:34,091 - Left side ($column.isMenuShow) of '==' operation has null value. If it is a reference, it may not be in the context or its toString() returned null. vm/main.html.vm[line 70, column 55]
2020-12-10 10:45:34,091 - Left side ($column.isMenuShow) of '==' operation has null value. If it is a reference, it may not be in the context or its toString() returned null. vm/main.html.vm[line 70, column 55]
2020-12-10 10:45:34,094 - ResourceManager : found vm/edit.html.vm with loader org.apache.velocity.runtime.resource.loader.ClasspathResourceLoader
2020-12-10 10:45:34,094 - Left side ($column.isFormShow) of '==' operation has null value. If it is a reference, it may not be in the context or its toString() returned null. vm/edit.html.vm[line 21, column 26]
2020-12-10 10:45:34,094 - Left side ($column.isFormShow) of '==' operation has null value. If it is a reference, it may not be in the context or its toString() returned null. vm/edit.html.vm[line 25, column 165]
2020-12-10 10:45:34,094 - Left side ($column.isFormShow) of '==' operation has null value. If it is a reference, it may not be in the context or its toString() returned null. vm/edit.html.vm[line 21, column 26]
2020-12-10 10:45:34,095 - Left side ($column.isFormShow) of '==' operation has null value. If it is a reference, it may not be in the context or its toString() returned null. vm/edit.html.vm[line 25, column 165]
2020-12-10 10:45:34,095 - Left side ($column.isFormShow) of '==' operation has null value. If it is a reference, it may not be in the context or its toString() returned null. vm/edit.html.vm[line 21, column 26]
2020-12-10 10:45:34,095 - Left side ($column.isFormShow) of '==' operation has null value. If it is a reference, it may not be in the context or its toString() returned null. vm/edit.html.vm[line 25, column 165]
2020-12-10 10:45:34,096 - Left side ($column.isFormShow) of '==' operation has null value. If it is a reference, it may not be in the context or its toString() returned null. vm/edit.html.vm[line 21, column 26]
2020-12-10 10:45:34,097 - Left side ($column.isFormShow) of '==' operation has null value. If it is a reference, it may not be in the context or its toString() returned null. vm/edit.html.vm[line 25, column 165]
2020-12-10 10:45:34,097 - Left side ($column.isFormShow) of '==' operation has null value. If it is a reference, it may not be in the context or its toString() returned null. vm/edit.html.vm[line 21, column 26]
2020-12-10 10:45:34,097 - Left side ($column.isFormShow) of '==' operation has null value. If it is a reference, it may not be in the context or its toString() returned null. vm/edit.html.vm[line 25, column 165]
2020-12-10 10:45:34,097 - Left side ($column.isFormShow) of '==' operation has null value. If it is a reference, it may not be in the context or its toString() returned null. vm/edit.html.vm[line 21, column 26]
2020-12-10 10:45:34,097 - Left side ($column.isFormShow) of '==' operation has null value. If it is a reference, it may not be in the context or its toString() returned null. vm/edit.html.vm[line 25, column 165]
2020-12-10 10:45:34,099 - ResourceManager : found vm/add.html.vm with loader org.apache.velocity.runtime.resource.loader.ClasspathResourceLoader
2020-12-10 10:45:34,099 - Left side ($column.isFormShow) of '==' operation has null value. If it is a reference, it may not be in the context or its toString() returned null. vm/add.html.vm[line 12, column 26]
2020-12-10 10:45:34,099 - Left side ($column.isFormShow) of '==' operation has null value. If it is a reference, it may not be in the context or its toString() returned null. vm/add.html.vm[line 16, column 119]
2020-12-10 10:45:34,099 - Left side ($column.isFormShow) of '==' operation has null value. If it is a reference, it may not be in the context or its toString() returned null. vm/add.html.vm[line 12, column 26]
2020-12-10 10:45:34,099 - Left side ($column.isFormShow) of '==' operation has null value. If it is a reference, it may not be in the context or its toString() returned null. vm/add.html.vm[line 16, column 119]
2020-12-10 10:45:34,099 - Left side ($column.isFormShow) of '==' operation has null value. If it is a reference, it may not be in the context or its toString() returned null. vm/add.html.vm[line 12, column 26]
2020-12-10 10:45:34,099 - Left side ($column.isFormShow) of '==' operation has null value. If it is a reference, it may not be in the context or its toString() returned null. vm/add.html.vm[line 16, column 119]
2020-12-10 10:45:34,099 - Left side ($column.isFormShow) of '==' operation has null value. If it is a reference, it may not be in the context or its toString() returned null. vm/add.html.vm[line 12, column 26]
2020-12-10 10:45:34,099 - Left side ($column.isFormShow) of '==' operation has null value. If it is a reference, it may not be in the context or its toString() returned null. vm/add.html.vm[line 16, column 119]
2020-12-10 10:45:34,100 - Left side ($column.isFormShow) of '==' operation has null value. If it is a reference, it may not be in the context or its toString() returned null. vm/add.html.vm[line 12, column 26]
2020-12-10 10:45:34,100 - Left side ($column.isFormShow) of '==' operation has null value. If it is a reference, it may not be in the context or its toString() returned null. vm/add.html.vm[line 16, column 119]
2020-12-10 10:45:34,100 - Left side ($column.isFormShow) of '==' operation has null value. If it is a reference, it may not be in the context or its toString() returned null. vm/add.html.vm[line 12, column 26]
2020-12-10 10:45:34,100 - Left side ($column.isFormShow) of '==' operation has null value. If it is a reference, it may not be in the context or its toString() returned null. vm/add.html.vm[line 16, column 119]
2020-12-10 10:45:34,107 - ResourceManager : found vm/menu.sql.vm with loader org.apache.velocity.runtime.resource.loader.ClasspathResourceLoader
